Page loaded, starting Try On flow.
Try On button clicked.
Event Triggered: mirrar-initialised
Event Triggered: Current-Version
Event Triggered: UI-element-clicked
Event Triggered: jewellery-selected
Event Triggered: UI-element-clicked
Event Triggered: UI-element-clicked
Tooltip "Got It" button clicked.
Add to Cart.
Event Triggered: UI-element-clicked
Added.
Event Triggered: UI-element-clicked
Product details.
Event Triggered: UI-element-clicked
Stay here.
Event Triggered: UI-element-clicked
Event Triggered: UI-element-clicked
Show Similar Products button clicked.
Event Triggered: UI-element-clicked
Products selected from the left panel.
Event Triggered: UI-element-clicked
Event Triggered: UI-element-clicked
Event Triggered: jewellery-selected
Event Triggered: UI-element-clicked
Event Triggered: UI-element-clicked
Event Triggered: jewellery-selected
Model change.
Event Triggered: UI-element-clicked
Event Triggered: jewellery-selected
Event Triggered: UI-element-clicked
Event Triggered: jewellery-selected
